<?xml version="1.0" encoding="UTF-8"?>
<testsuite xmlns:xsi="http://www.w3.org/2001/XMLSchema-instance" xsi:noNamespaceSchemaLocation="https://maven.apache.org/surefire/maven-surefire-plugin/xsd/surefire-test-report-3.0.xsd" version="3.0" name="runner.TestRunner" time="209.242" tests="10" errors="0" skipped="0" failures="0">
  <properties>
    <property name="sun.desktop" value="windows"/>
    <property name="awt.toolkit" value="sun.awt.windows.WToolkit"/>
    <property name="java.specification.version" value="11"/>
    <property name="webdriver.chrome.driver" value="C:\Users\olive\.cache\selenium\chromedriver\win32\94.0.4606.61\chromedriver.exe"/>
    <property name="sun.cpu.isalist" value="amd64"/>
    <property name="sun.jnu.encoding" value="Cp1252"/>
    <property name="java.class.path" value="C:\Users\olive\Desktop\QATEKSOLUTIOS\Lowes\target\test-classes;C:\Users\olive\Desktop\QATEKSOLUTIOS\Lowes\target\classes;C:\Users\olive\.m2\repository\org\seleniumhq\selenium\selenium-java\3.141.59\selenium-java-3.141.59.jar;C:\Users\olive\.m2\repository\org\seleniumhq\selenium\selenium-api\3.141.59\selenium-api-3.141.59.jar;C:\Users\olive\.m2\repository\org\seleniumhq\selenium\selenium-chrome-driver\3.141.59\selenium-chrome-driver-3.141.59.jar;C:\Users\olive\.m2\repository\org\seleniumhq\selenium\selenium-edge-driver\3.141.59\selenium-edge-driver-3.141.59.jar;C:\Users\olive\.m2\repository\org\seleniumhq\selenium\selenium-firefox-driver\3.141.59\selenium-firefox-driver-3.141.59.jar;C:\Users\olive\.m2\repository\org\seleniumhq\selenium\selenium-ie-driver\3.141.59\selenium-ie-driver-3.141.59.jar;C:\Users\olive\.m2\repository\org\seleniumhq\selenium\selenium-opera-driver\3.141.59\selenium-opera-driver-3.141.59.jar;C:\Users\olive\.m2\repository\org\seleniumhq\selenium\selenium-remote-driver\3.141.59\selenium-remote-driver-3.141.59.jar;C:\Users\olive\.m2\repository\org\seleniumhq\selenium\selenium-safari-driver\3.141.59\selenium-safari-driver-3.141.59.jar;C:\Users\olive\.m2\repository\org\seleniumhq\selenium\selenium-support\3.141.59\selenium-support-3.141.59.jar;C:\Users\olive\.m2\repository\net\bytebuddy\byte-buddy\1.8.15\byte-buddy-1.8.15.jar;C:\Users\olive\.m2\repository\org\apache\commons\commons-exec\1.3\commons-exec-1.3.jar;C:\Users\olive\.m2\repository\com\google\guava\guava\25.0-jre\guava-25.0-jre.jar;C:\Users\olive\.m2\repository\com\google\code\findbugs\jsr305\1.3.9\jsr305-1.3.9.jar;C:\Users\olive\.m2\repository\org\checkerframework\checker-compat-qual\2.0.0\checker-compat-qual-2.0.0.jar;C:\Users\olive\.m2\repository\com\google\errorprone\error_prone_annotations\2.1.3\error_prone_annotations-2.1.3.jar;C:\Users\olive\.m2\repository\com\google\j2objc\j2objc-annotations\1.1\j2objc-annotations-1.1.jar;C:\Users\olive\.m2\repository\org\codehaus\mojo\animal-sniffer-annotations\1.14\animal-sniffer-annotations-1.14.jar;C:\Users\olive\.m2\repository\com\squareup\okhttp3\okhttp\3.11.0\okhttp-3.11.0.jar;C:\Users\olive\.m2\repository\com\squareup\okio\okio\1.14.0\okio-1.14.0.jar;C:\Users\olive\.m2\repository\io\cucumber\cucumber-java\6.11.0\cucumber-java-6.11.0.jar;C:\Users\olive\.m2\repository\io\cucumber\cucumber-core\6.11.0\cucumber-core-6.11.0.jar;C:\Users\olive\.m2\repository\io\cucumber\cucumber-gherkin\6.11.0\cucumber-gherkin-6.11.0.jar;C:\Users\olive\.m2\repository\io\cucumber\cucumber-gherkin-messages\6.11.0\cucumber-gherkin-messages-6.11.0.jar;C:\Users\olive\.m2\repository\io\cucumber\messages\15.0.0\messages-15.0.0.jar;C:\Users\olive\.m2\repository\io\cucumber\tag-expressions\3.0.1\tag-expressions-3.0.1.jar;C:\Users\olive\.m2\repository\io\cucumber\cucumber-expressions\10.3.0\cucumber-expressions-10.3.0.jar;C:\Users\olive\.m2\repository\io\cucumber\datatable\3.5.0\datatable-3.5.0.jar;C:\Users\olive\.m2\repository\io\cucumber\cucumber-plugin\6.11.0\cucumber-plugin-6.11.0.jar;C:\Users\olive\.m2\repository\io\cucumber\docstring\6.11.0\docstring-6.11.0.jar;C:\Users\olive\.m2\repository\io\cucumber\html-formatter\13.0.0\html-formatter-13.0.0.jar;C:\Users\olive\.m2\repository\io\cucumber\create-meta\4.0.0\create-meta-4.0.0.jar;C:\Users\olive\.m2\repository\org\apiguardian\apiguardian-api\1.1.2\apiguardian-api-1.1.2.jar;C:\Users\olive\.m2\repository\io\cucumber\cucumber-junit\6.11.0\cucumber-junit-6.11.0.jar;C:\Users\olive\.m2\repository\org\junit\jupiter\junit-jupiter-api\5.7.2\junit-jupiter-api-5.7.2.jar;C:\Users\olive\.m2\repository\org\opentest4j\opentest4j\1.2.0\opentest4j-1.2.0.jar;C:\Users\olive\.m2\repository\org\junit\platform\junit-platform-commons\1.7.2\junit-platform-commons-1.7.2.jar;C:\Users\olive\.m2\repository\junit\junit\4.13.2\junit-4.13.2.jar;C:\Users\olive\.m2\repository\org\hamcrest\hamcrest-core\1.3\hamcrest-core-1.3.jar;C:\Users\olive\.m2\repository\org\apache\logging\log4j\log4j-api\2.14.1\log4j-api-2.14.1.jar;C:\Users\olive\.m2\repository\org\apache\logging\log4j\log4j-core\2.14.1\log4j-core-2.14.1.jar;C:\Users\olive\.m2\repository\com\github\javafaker\javafaker\1.0.2\javafaker-1.0.2.jar;C:\Users\olive\.m2\repository\org\apache\commons\commons-lang3\3.5\commons-lang3-3.5.jar;C:\Users\olive\.m2\repository\org\yaml\snakeyaml\1.23\snakeyaml-1.23-android.jar;C:\Users\olive\.m2\repository\com\github\mifmif\generex\1.0.2\generex-1.0.2.jar;C:\Users\olive\.m2\repository\dk\brics\automaton\automaton\1.11-8\automaton-1.11-8.jar;C:\Users\olive\.m2\repository\io\github\bonigarcia\webdrivermanager\5.0.3\webdrivermanager-5.0.3.jar;C:\Users\olive\.m2\repository\org\slf4j\slf4j-api\1.7.32\slf4j-api-1.7.32.jar;C:\Users\olive\.m2\repository\com\google\code\gson\gson\2.8.8\gson-2.8.8.jar;C:\Users\olive\.m2\repository\org\jsoup\jsoup\1.14.2\jsoup-1.14.2.jar;C:\Users\olive\.m2\repository\com\github\docker-java\docker-java\3.2.12\docker-java-3.2.12.jar;C:\Users\olive\.m2\repository\com\github\docker-java\docker-java-core\3.2.12\docker-java-core-3.2.12.jar;C:\Users\olive\.m2\repository\com\github\docker-java\docker-java-api\3.2.12\docker-java-api-3.2.12.jar;C:\Users\olive\.m2\repository\org\apache\commons\commons-compress\1.21\commons-compress-1.21.jar;C:\Users\olive\.m2\repository\org\bouncycastle\bcpkix-jdk15on\1.64\bcpkix-jdk15on-1.64.jar;C:\Users\olive\.m2\repository\org\bouncycastle\bcprov-jdk15on\1.64\bcprov-jdk15on-1.64.jar;C:\Users\olive\.m2\repository\org\slf4j\jcl-over-slf4j\1.7.30\jcl-over-slf4j-1.7.30.jar;C:\Users\olive\.m2\repository\com\github\docker-java\docker-java-transport-httpclient5\3.2.12\docker-java-transport-httpclient5-3.2.12.jar;C:\Users\olive\.m2\repository\com\github\docker-java\docker-java-transport\3.2.12\docker-java-transport-3.2.12.jar;C:\Users\olive\.m2\repository\org\apache\httpcomponents\client5\httpclient5\5.0.3\httpclient5-5.0.3.jar;C:\Users\olive\.m2\repository\org\apache\httpcomponents\core5\httpcore5\5.0.2\httpcore5-5.0.2.jar;C:\Users\olive\.m2\repository\commons-codec\commons-codec\1.13\commons-codec-1.13.jar;C:\Users\olive\.m2\repository\net\java\dev\jna\jna\5.8.0\jna-5.8.0.jar;C:\Users\olive\.m2\repository\org\brotli\dec\0.1.2\dec-0.1.2.jar;C:\Users\olive\.m2\repository\net\masterthought\cucumber-reporting\5.4.0\cucumber-reporting-5.4.0.jar;C:\Users\olive\.m2\repository\com\fasterxml\jackson\core\jackson-databind\2.10.1\jackson-databind-2.10.1.jar;C:\Users\olive\.m2\repository\com\fasterxml\jackson\core\jackson-annotations\2.10.1\jackson-annotations-2.10.1.jar;C:\Users\olive\.m2\repository\com\fasterxml\jackson\core\jackson-core\2.10.1\jackson-core-2.10.1.jar;C:\Users\olive\.m2\repository\com\fasterxml\jackson\datatype\jackson-datatype-jsr310\2.10.1\jackson-datatype-jsr310-2.10.1.jar;C:\Users\olive\.m2\repository\org\apache\velocity\velocity-engine-core\2.1\velocity-engine-core-2.1.jar;C:\Users\olive\.m2\repository\commons-collections\commons-collections\3.2.2\commons-collections-3.2.2.jar;C:\Users\olive\.m2\repository\joda-time\joda-time\2.10.5\joda-time-2.10.5.jar;C:\Users\olive\.m2\repository\commons-io\commons-io\2.6\commons-io-2.6.jar;C:\Users\olive\.m2\repository\org\codehaus\plexus\plexus-utils\3.3.0\plexus-utils-3.3.0.jar;C:\Users\olive\.m2\repository\com\googlecode\owasp-java-html-sanitizer\owasp-java-html-sanitizer\20191001.1\owasp-java-html-sanitizer-20191001.1.jar;C:\Users\olive\.m2\repository\commons-configuration\commons-configuration\1.10\commons-configuration-1.10.jar;C:\Users\olive\.m2\repository\commons-lang\commons-lang\2.6\commons-lang-2.6.jar;C:\Users\olive\.m2\repository\commons-logging\commons-logging\1.1.1\commons-logging-1.1.1.jar;C:\Users\olive\.m2\repository\org\testng\testng\7.4.0\testng-7.4.0.jar;C:\Users\olive\.m2\repository\com\beust\jcommander\1.78\jcommander-1.78.jar;C:\Users\olive\.m2\repository\org\webjars\jquery\3.5.1\jquery-3.5.1.jar;"/>
    <property name="java.vm.vendor" value="Oracle Corporation"/>
    <property name="sun.arch.data.model" value="64"/>
    <property name="user.variant" value=""/>
    <property name="java.vendor.url" value="https://openjdk.java.net/"/>
    <property name="user.timezone" value="America/New_York"/>
    <property name="java.vm.specification.version" value="11"/>
    <property name="os.name" value="Windows 10"/>
    <property name="sun.java.launcher" value="SUN_STANDARD"/>
    <property name="user.country" value="US"/>
    <property name="sun.boot.library.path" value="C:\Program Files\Java\jdk-11.0.11\bin"/>
    <property name="sun.java.command" value="C:\Users\olive\AppData\Local\Temp\surefire819612041720186265\surefirebooter6734913117079271012.jar C:\Users\olive\AppData\Local\Temp\surefire819612041720186265 2021-10-22T21-48-14_120-jvmRun1 surefire2480351507093301520tmp surefire_018090301758267300455tmp"/>
    <property name="jdk.debug" value="release"/>
    <property name="surefire.test.class.path" value="C:\Users\olive\Desktop\QATEKSOLUTIOS\Lowes\target\test-classes;C:\Users\olive\Desktop\QATEKSOLUTIOS\Lowes\target\classes;C:\Users\olive\.m2\repository\org\seleniumhq\selenium\selenium-java\3.141.59\selenium-java-3.141.59.jar;C:\Users\olive\.m2\repository\org\seleniumhq\selenium\selenium-api\3.141.59\selenium-api-3.141.59.jar;C:\Users\olive\.m2\repository\org\seleniumhq\selenium\selenium-chrome-driver\3.141.59\selenium-chrome-driver-3.141.59.jar;C:\Users\olive\.m2\repository\org\seleniumhq\selenium\selenium-edge-driver\3.141.59\selenium-edge-driver-3.141.59.jar;C:\Users\olive\.m2\repository\org\seleniumhq\selenium\selenium-firefox-driver\3.141.59\selenium-firefox-driver-3.141.59.jar;C:\Users\olive\.m2\repository\org\seleniumhq\selenium\selenium-ie-driver\3.141.59\selenium-ie-driver-3.141.59.jar;C:\Users\olive\.m2\repository\org\seleniumhq\selenium\selenium-opera-driver\3.141.59\selenium-opera-driver-3.141.59.jar;C:\Users\olive\.m2\repository\org\seleniumhq\selenium\selenium-remote-driver\3.141.59\selenium-remote-driver-3.141.59.jar;C:\Users\olive\.m2\repository\org\seleniumhq\selenium\selenium-safari-driver\3.141.59\selenium-safari-driver-3.141.59.jar;C:\Users\olive\.m2\repository\org\seleniumhq\selenium\selenium-support\3.141.59\selenium-support-3.141.59.jar;C:\Users\olive\.m2\repository\net\bytebuddy\byte-buddy\1.8.15\byte-buddy-1.8.15.jar;C:\Users\olive\.m2\repository\org\apache\commons\commons-exec\1.3\commons-exec-1.3.jar;C:\Users\olive\.m2\repository\com\google\guava\guava\25.0-jre\guava-25.0-jre.jar;C:\Users\olive\.m2\repository\com\google\code\findbugs\jsr305\1.3.9\jsr305-1.3.9.jar;C:\Users\olive\.m2\repository\org\checkerframework\checker-compat-qual\2.0.0\checker-compat-qual-2.0.0.jar;C:\Users\olive\.m2\repository\com\google\errorprone\error_prone_annotations\2.1.3\error_prone_annotations-2.1.3.jar;C:\Users\olive\.m2\repository\com\google\j2objc\j2objc-annotations\1.1\j2objc-annotations-1.1.jar;C:\Users\olive\.m2\repository\org\codehaus\mojo\animal-sniffer-annotations\1.14\animal-sniffer-annotations-1.14.jar;C:\Users\olive\.m2\repository\com\squareup\okhttp3\okhttp\3.11.0\okhttp-3.11.0.jar;C:\Users\olive\.m2\repository\com\squareup\okio\okio\1.14.0\okio-1.14.0.jar;C:\Users\olive\.m2\repository\io\cucumber\cucumber-java\6.11.0\cucumber-java-6.11.0.jar;C:\Users\olive\.m2\repository\io\cucumber\cucumber-core\6.11.0\cucumber-core-6.11.0.jar;C:\Users\olive\.m2\repository\io\cucumber\cucumber-gherkin\6.11.0\cucumber-gherkin-6.11.0.jar;C:\Users\olive\.m2\repository\io\cucumber\cucumber-gherkin-messages\6.11.0\cucumber-gherkin-messages-6.11.0.jar;C:\Users\olive\.m2\repository\io\cucumber\messages\15.0.0\messages-15.0.0.jar;C:\Users\olive\.m2\repository\io\cucumber\tag-expressions\3.0.1\tag-expressions-3.0.1.jar;C:\Users\olive\.m2\repository\io\cucumber\cucumber-expressions\10.3.0\cucumber-expressions-10.3.0.jar;C:\Users\olive\.m2\repository\io\cucumber\datatable\3.5.0\datatable-3.5.0.jar;C:\Users\olive\.m2\repository\io\cucumber\cucumber-plugin\6.11.0\cucumber-plugin-6.11.0.jar;C:\Users\olive\.m2\repository\io\cucumber\docstring\6.11.0\docstring-6.11.0.jar;C:\Users\olive\.m2\repository\io\cucumber\html-formatter\13.0.0\html-formatter-13.0.0.jar;C:\Users\olive\.m2\repository\io\cucumber\create-meta\4.0.0\create-meta-4.0.0.jar;C:\Users\olive\.m2\repository\org\apiguardian\apiguardian-api\1.1.2\apiguardian-api-1.1.2.jar;C:\Users\olive\.m2\repository\io\cucumber\cucumber-junit\6.11.0\cucumber-junit-6.11.0.jar;C:\Users\olive\.m2\repository\org\junit\jupiter\junit-jupiter-api\5.7.2\junit-jupiter-api-5.7.2.jar;C:\Users\olive\.m2\repository\org\opentest4j\opentest4j\1.2.0\opentest4j-1.2.0.jar;C:\Users\olive\.m2\repository\org\junit\platform\junit-platform-commons\1.7.2\junit-platform-commons-1.7.2.jar;C:\Users\olive\.m2\repository\junit\junit\4.13.2\junit-4.13.2.jar;C:\Users\olive\.m2\repository\org\hamcrest\hamcrest-core\1.3\hamcrest-core-1.3.jar;C:\Users\olive\.m2\repository\org\apache\logging\log4j\log4j-api\2.14.1\log4j-api-2.14.1.jar;C:\Users\olive\.m2\repository\org\apache\logging\log4j\log4j-core\2.14.1\log4j-core-2.14.1.jar;C:\Users\olive\.m2\repository\com\github\javafaker\javafaker\1.0.2\javafaker-1.0.2.jar;C:\Users\olive\.m2\repository\org\apache\commons\commons-lang3\3.5\commons-lang3-3.5.jar;C:\Users\olive\.m2\repository\org\yaml\snakeyaml\1.23\snakeyaml-1.23-android.jar;C:\Users\olive\.m2\repository\com\github\mifmif\generex\1.0.2\generex-1.0.2.jar;C:\Users\olive\.m2\repository\dk\brics\automaton\automaton\1.11-8\automaton-1.11-8.jar;C:\Users\olive\.m2\repository\io\github\bonigarcia\webdrivermanager\5.0.3\webdrivermanager-5.0.3.jar;C:\Users\olive\.m2\repository\org\slf4j\slf4j-api\1.7.32\slf4j-api-1.7.32.jar;C:\Users\olive\.m2\repository\com\google\code\gson\gson\2.8.8\gson-2.8.8.jar;C:\Users\olive\.m2\repository\org\jsoup\jsoup\1.14.2\jsoup-1.14.2.jar;C:\Users\olive\.m2\repository\com\github\docker-java\docker-java\3.2.12\docker-java-3.2.12.jar;C:\Users\olive\.m2\repository\com\github\docker-java\docker-java-core\3.2.12\docker-java-core-3.2.12.jar;C:\Users\olive\.m2\repository\com\github\docker-java\docker-java-api\3.2.12\docker-java-api-3.2.12.jar;C:\Users\olive\.m2\repository\org\apache\commons\commons-compress\1.21\commons-compress-1.21.jar;C:\Users\olive\.m2\repository\org\bouncycastle\bcpkix-jdk15on\1.64\bcpkix-jdk15on-1.64.jar;C:\Users\olive\.m2\repository\org\bouncycastle\bcprov-jdk15on\1.64\bcprov-jdk15on-1.64.jar;C:\Users\olive\.m2\repository\org\slf4j\jcl-over-slf4j\1.7.30\jcl-over-slf4j-1.7.30.jar;C:\Users\olive\.m2\repository\com\github\docker-java\docker-java-transport-httpclient5\3.2.12\docker-java-transport-httpclient5-3.2.12.jar;C:\Users\olive\.m2\repository\com\github\docker-java\docker-java-transport\3.2.12\docker-java-transport-3.2.12.jar;C:\Users\olive\.m2\repository\org\apache\httpcomponents\client5\httpclient5\5.0.3\httpclient5-5.0.3.jar;C:\Users\olive\.m2\repository\org\apache\httpcomponents\core5\httpcore5\5.0.2\httpcore5-5.0.2.jar;C:\Users\olive\.m2\repository\commons-codec\commons-codec\1.13\commons-codec-1.13.jar;C:\Users\olive\.m2\repository\net\java\dev\jna\jna\5.8.0\jna-5.8.0.jar;C:\Users\olive\.m2\repository\org\brotli\dec\0.1.2\dec-0.1.2.jar;C:\Users\olive\.m2\repository\net\masterthought\cucumber-reporting\5.4.0\cucumber-reporting-5.4.0.jar;C:\Users\olive\.m2\repository\com\fasterxml\jackson\core\jackson-databind\2.10.1\jackson-databind-2.10.1.jar;C:\Users\olive\.m2\repository\com\fasterxml\jackson\core\jackson-annotations\2.10.1\jackson-annotations-2.10.1.jar;C:\Users\olive\.m2\repository\com\fasterxml\jackson\core\jackson-core\2.10.1\jackson-core-2.10.1.jar;C:\Users\olive\.m2\repository\com\fasterxml\jackson\datatype\jackson-datatype-jsr310\2.10.1\jackson-datatype-jsr310-2.10.1.jar;C:\Users\olive\.m2\repository\org\apache\velocity\velocity-engine-core\2.1\velocity-engine-core-2.1.jar;C:\Users\olive\.m2\repository\commons-collections\commons-collections\3.2.2\commons-collections-3.2.2.jar;C:\Users\olive\.m2\repository\joda-time\joda-time\2.10.5\joda-time-2.10.5.jar;C:\Users\olive\.m2\repository\commons-io\commons-io\2.6\commons-io-2.6.jar;C:\Users\olive\.m2\repository\org\codehaus\plexus\plexus-utils\3.3.0\plexus-utils-3.3.0.jar;C:\Users\olive\.m2\repository\com\googlecode\owasp-java-html-sanitizer\owasp-java-html-sanitizer\20191001.1\owasp-java-html-sanitizer-20191001.1.jar;C:\Users\olive\.m2\repository\commons-configuration\commons-configuration\1.10\commons-configuration-1.10.jar;C:\Users\olive\.m2\repository\commons-lang\commons-lang\2.6\commons-lang-2.6.jar;C:\Users\olive\.m2\repository\commons-logging\commons-logging\1.1.1\commons-logging-1.1.1.jar;C:\Users\olive\.m2\repository\org\testng\testng\7.4.0\testng-7.4.0.jar;C:\Users\olive\.m2\repository\com\beust\jcommander\1.78\jcommander-1.78.jar;C:\Users\olive\.m2\repository\org\webjars\jquery\3.5.1\jquery-3.5.1.jar;"/>
    <property name="sun.cpu.endian" value="little"/>
    <property name="user.home" value="C:\Users\olive"/>
    <property name="user.language" value="en"/>
    <property name="java.specification.vendor" value="Oracle Corporation"/>
    <property name="java.version.date" value="2021-04-20"/>
    <property name="java.home" value="C:\Program Files\Java\jdk-11.0.11"/>
    <property name="file.separator" value="\"/>
    <property name="basedir" value="C:\Users\olive\Desktop\QATEKSOLUTIOS\Lowes"/>
    <property name="java.vm.compressedOopsMode" value="32-bit"/>
    <property name="line.separator" value="&#10;"/>
    <property name="java.specification.name" value="Java Platform API Specification"/>
    <property name="java.vm.specification.vendor" value="Oracle Corporation"/>
    <property name="java.awt.graphicsenv" value="sun.awt.Win32GraphicsEnvironment"/>
    <property name="surefire.real.class.path" value="C:\Users\olive\AppData\Local\Temp\surefire819612041720186265\surefirebooter6734913117079271012.jar"/>
    <property name="user.script" value=""/>
    <property name="sun.management.compiler" value="HotSpot 64-Bit Tiered Compilers"/>
    <property name="java.runtime.version" value="11.0.11+9-LTS-194"/>
    <property name="user.name" value="olive"/>
    <property name="path.separator" value=";"/>
    <property name="os.version" value="10.0"/>
    <property name="java.runtime.name" value="Java(TM) SE Runtime Environment"/>
    <property name="file.encoding" value="Cp1252"/>
    <property name="java.vm.name" value="Java HotSpot(TM) 64-Bit Server VM"/>
    <property name="java.vendor.version" value="18.9"/>
    <property name="localRepository" value="C:\Users\olive\.m2\repository"/>
    <property name="java.vendor.url.bug" value="https://bugreport.java.com/bugreport/"/>
    <property name="java.io.tmpdir" value="C:\Users\olive\AppData\Local\Temp\"/>
    <property name="java.version" value="11.0.11"/>
    <property name="user.dir" value="C:\Users\olive\Desktop\QATEKSOLUTIOS\Lowes"/>
    <property name="os.arch" value="amd64"/>
    <property name="java.vm.specification.name" value="Java Virtual Machine Specification"/>
    <property name="java.awt.printerjob" value="sun.awt.windows.WPrinterJob"/>
    <property name="sun.os.patch.level" value=""/>
    <property name="java.library.path" value="C:\Program Files\Java\jdk-11.0.11\bin;C:\Windows\Sun\Java\bin;C:\Windows\system32;C:\Windows;C:\Program Files\Common Files\Oracle\Java\javapath;C:\Windows\system32;C:\Windows;C:\Windows\System32\Wbem;C:\Windows\System32\WindowsPowerShell\v1.0\;C:\Windows\System32\OpenSSH\;C:\Program Files (x86)\ATI Technologies\ATI.ACE\Core-Static;C:\Program Files\Java\jdk-11.0.11\bin;C:\Program Files\nodejs;C:\allure-2.14.0\bin;C:\Program Files\Git\cmd;C:\maven\apache-maven-3.8.1\bin;C:\Program Files\PuTTY\;C:\Users\olive\AppData\Local\Microsoft\WindowsApps;C:\Users\olive\AppData\Roaming\npm;C:\Users\olive\AppData\Local\Programs\Microsoft VS Code\bin;."/>
    <property name="java.vendor" value="Oracle Corporation"/>
    <property name="java.vm.info" value="mixed mode"/>
    <property name="java.vm.version" value="11.0.11+9-LTS-194"/>
    <property name="sun.io.unicode.encoding" value="UnicodeLittle"/>
    <property name="java.class.version" value="55.0"/>
  </properties>
  <testcase name="Check Deals of the Day button opens up Savings page" classname="Test Deals of the Day Functionalities" time="26.237">
    <system-out><![CDATA[
Scenario: Check Deals of the Day button opens up Savings page &amp#27;[90m# src/test/resources/Features/Deals_of_the_Day.feature:3&amp#27;[0m
21:48:20.097 [main] INFO  step_definitions.Hooks - Launch Chrome Browser
21:48:26.067 [main] INFO  step_definitions.Deals_Of_The_Day - User is on the Home Page
  &amp#27;[32mGiven &amp#27;[0m&amp#27;[32ma user on Home page for Deals of the day&amp#27;[0m              &amp#27;[90m# step_definitions.Deals_Of_The_Day.NavigateToTheHomePage()&amp#27;[0m
21:48:41.784 [main] INFO  step_definitions.Deals_Of_The_Day - User Click on Deals Of the Day
  &amp#27;[32mWhen &amp#27;[0m&amp#27;[32mUser click on Deals of the Day button&amp#27;[0m                  &amp#27;[90m# step_definitions.Deals_Of_The_Day.ClickDealsOfTheDay()&amp#27;[0m
21:48:41.928 [main] INFO  step_definitions.Deals_Of_The_Day - user Successfully Navigated to Deals of the day page
  &amp#27;[32mThen &amp#27;[0m&amp#27;[32muser is navigated to the Deals of the Day page&amp#27;[0m         &amp#27;[90m# step_definitions.Deals_Of_The_Day.NavigateToDealsOfTheDay()&amp#27;[0m
21:48:43.162 [main] INFO  step_definitions.Hooks - Close Chrome Browser
]]></system-out>
    <system-err><![CDATA[SLF4J: Failed to load class "org.slf4j.impl.StaticLoggerBinder".
SLF4J: Defaulting to no-operation (NOP) logger implementation
SLF4J: See http://www.slf4j.org/codes.html#StaticLoggerBinder for further details.
Starting ChromeDriver 94.0.4606.61 (418b78f5838ed0b1c69bb4e51ea0252171854915-refs/branch-heads/4606@{#1204}) on port 38628
Only local connections are allowed.
Please see https://chromedriver.chromium.org/security-considerations for suggestions on keeping ChromeDriver safe.
ChromeDriver was started successfully.
Oct 22, 2021 9:48:19 PM org.openqa.selenium.remote.ProtocolHandshake createSession
INFO: Detected dialect: W3C
]]></system-err>
  </testcase>
  <testcase name="Check Gift Cards button opens up Gift Cards page" classname="Test Gift Cards Functionalities" time="15.29">
    <system-out><![CDATA[
Scenario: Check Gift Cards button opens up Gift Cards page &amp#27;[90m# src/test/resources/Features/Gift_Zone.feature:3&amp#27;[0m
21:48:44.549 [main] INFO  step_definitions.Hooks - Launch Chrome Browser
21:48:48.687 [main] INFO  step_definitions.Gift_Zone - User is on the Home Page
  &amp#27;[32mGiven &amp#27;[0m&amp#27;[32ma user on the Home page for Gift Zone Features&amp#27;[0m     &amp#27;[90m# step_definitions.Gift_Zone.NavigateToHomePageForGiftZone()&amp#27;[0m
21:48:57.347 [main] INFO  step_definitions.Gift_Zone - User Click on Gift Zone
  &amp#27;[32mWhen &amp#27;[0m&amp#27;[32muser click on Gift Zone button&amp#27;[0m                      &amp#27;[90m# step_definitions.Gift_Zone.LookForGiftZoneButton()&amp#27;[0m
21:48:57.594 [main] INFO  step_definitions.Gift_Zone - user Successfully Navigated to Gift Ideas page
  &amp#27;[32mThen &amp#27;[0m&amp#27;[32muser is navigated to the Gift Idea page&amp#27;[0m             &amp#27;[90m# step_definitions.Gift_Zone.NavigateToGiftZonePage()&amp#27;[0m
21:48:58.469 [main] INFO  step_definitions.Hooks - Close Chrome Browser
]]></system-out>
    <system-err><![CDATA[Starting ChromeDriver 94.0.4606.61 (418b78f5838ed0b1c69bb4e51ea0252171854915-refs/branch-heads/4606@{#1204}) on port 32094
Only local connections are allowed.
Please see https://chromedriver.chromium.org/security-considerations for suggestions on keeping ChromeDriver safe.
ChromeDriver was started successfully.
Oct 22, 2021 9:48:44 PM org.openqa.selenium.remote.ProtocolHandshake createSession
INFO: Detected dialect: W3C
]]></system-err>
  </testcase>
  <testcase name="Check Hand Tools button opens up Hand Tools page" classname="Test Hand Tools Functionalities" time="33.538">
    <system-out><![CDATA[
Scenario: Check Hand Tools button opens up Hand Tools page &amp#27;[90m# src/test/resources/Features/Hand_Tools.feature:3&amp#27;[0m
21:48:59.935 [main] INFO  step_definitions.Hooks - Launch Chrome Browser
21:49:04.008 [main] INFO  step_definitions.Need_Help - User is on the Home Page
  &amp#27;[32mGiven &amp#27;[0m&amp#27;[32ma user on the Home page for Hand Tools&amp#27;[0m             &amp#27;[90m# step_definitions.Hand_Tools.NavigatedToTheHomePageForHandTools()&amp#27;[0m
21:49:16.666 [main] INFO  step_definitions.Need_Help - User Click on Tools Button
  &amp#27;[32mWhen &amp#27;[0m&amp#27;[32mclick on Tools Button&amp#27;[0m                               &amp#27;[90m# step_definitions.Hand_Tools.ClickOnToolsButton()&amp#27;[0m
21:49:30.776 [main] INFO  step_definitions.Need_Help - User Click on Hand Tools Button
  &amp#27;[32mAnd &amp#27;[0m&amp#27;[32mClick on Hand Tools Button&amp#27;[0m                           &amp#27;[90m# step_definitions.Hand_Tools.ClickOnHandToolsButton()&amp#27;[0m
21:49:30.935 [main] INFO  step_definitions.Need_Help - user Successfully Navigated to Hand Tools page
  &amp#27;[32mThen &amp#27;[0m&amp#27;[32muser is navigated to the Hand Tools page&amp#27;[0m            &amp#27;[90m# step_definitions.Hand_Tools.NavigatedToTheHandToolsPage()&amp#27;[0m
21:49:32.007 [main] INFO  step_definitions.Hooks - Close Chrome Browser
]]></system-out>
    <system-err><![CDATA[Starting ChromeDriver 94.0.4606.61 (418b78f5838ed0b1c69bb4e51ea0252171854915-refs/branch-heads/4606@{#1204}) on port 46706
Only local connections are allowed.
Please see https://chromedriver.chromium.org/security-considerations for suggestions on keeping ChromeDriver safe.
ChromeDriver was started successfully.
Oct 22, 2021 9:48:59 PM org.openqa.selenium.remote.ProtocolHandshake createSession
INFO: Detected dialect: W3C
]]></system-err>
  </testcase>
  <testcase name="Check Installation Services opens up Holiday Decorations page" classname="Test Holiday Decorations Functionalities" time="21.331">
    <system-out><![CDATA[
Scenario: Check Installation Services opens up Holiday Decorations page &amp#27;[90m# src/test/resources/Features/Holiday_Decorations.feature:3&amp#27;[0m
21:49:34.268 [main] INFO  step_definitions.Hooks - Launch Chrome Browser
21:49:39.881 [main] INFO  step_definitions.Gift_Zone - User is on the Home Page
  &amp#27;[32mGiven &amp#27;[0m&amp#27;[32ma user on the Home page for Holiday Decorations&amp#27;[0m                 &amp#27;[90m# step_definitions.Holiday_Decorations.NavigateToHomePageForHolidayDecorations()&amp#27;[0m
21:49:52.218 [main] INFO  step_definitions.Gift_Zone - User Click on Holiday Decorations
  &amp#27;[32mWhen &amp#27;[0m&amp#27;[32muser click on Holiday Decorations button&amp#27;[0m                         &amp#27;[90m# step_definitions.Holiday_Decorations.ClickOnHolidayDecorationsButton()&amp#27;[0m
21:49:52.383 [main] INFO  step_definitions.Gift_Zone - user Successfully Navigated to Holiday Decorations page
  &amp#27;[32mThen &amp#27;[0m&amp#27;[32muser is Navigated to the Holiday Decorations page&amp#27;[0m                &amp#27;[90m# step_definitions.Holiday_Decorations.NavigateToHolidayDecorationsPage()&amp#27;[0m
21:49:53.340 [main] INFO  step_definitions.Hooks - Close Chrome Browser
]]></system-out>
    <system-err><![CDATA[Starting ChromeDriver 94.0.4606.61 (418b78f5838ed0b1c69bb4e51ea0252171854915-refs/branch-heads/4606@{#1204}) on port 37999
Only local connections are allowed.
Please see https://chromedriver.chromium.org/security-considerations for suggestions on keeping ChromeDriver safe.
ChromeDriver was started successfully.
Oct 22, 2021 9:49:34 PM org.openqa.selenium.remote.ProtocolHandshake createSession
INFO: Detected dialect: W3C
]]></system-err>
  </testcase>
  <testcase name="Check Lowes Credit Card button opens up Lowes Credit Card page" classname="Test Lowes Credit Card Functionalities" time="17.146">
    <system-out><![CDATA[
Scenario: Check Lowes Credit Card button opens up Lowes Credit Card page &amp#27;[90m# src/test/resources/Features/Lowes_Credit_Card.feature:3&amp#27;[0m
21:49:54.737 [main] INFO  step_definitions.Hooks - Launch Chrome Browser
21:50:00.137 [main] INFO  step_definitions.Gift_Zone - User is on the Home Page
  &amp#27;[32mGiven &amp#27;[0m&amp#27;[32ma user on the Lowes Home page for Credit Card Feature&amp#27;[0m            &amp#27;[90m# step_definitions.Lowes_Credit_Card.NavigateToHomePageForCreditCardFeature()&amp#27;[0m
21:50:09.377 [main] INFO  step_definitions.Gift_Zone - User Click on Lowe's Credit Card
  &amp#27;[32mWhen &amp#27;[0m&amp#27;[32muser click on Lowes Credit Card button&amp#27;[0m                            &amp#27;[90m# step_definitions.Lowes_Credit_Card.ClickOnLowesCreditCardButton()&amp#27;[0m
21:50:09.541 [main] INFO  step_definitions.Gift_Zone - user Successfully Navigated to Lowes Credit Card page
  &amp#27;[32mThen &amp#27;[0m&amp#27;[32muser is navigated to the Lowes Credit Card page&amp#27;[0m                   &amp#27;[90m# step_definitions.Lowes_Credit_Card.NavigatedToTheLowesCreditCardPage()&amp#27;[0m
21:50:10.487 [main] INFO  step_definitions.Hooks - Close Chrome Browser
]]></system-out>
    <system-err><![CDATA[Starting ChromeDriver 94.0.4606.61 (418b78f5838ed0b1c69bb4e51ea0252171854915-refs/branch-heads/4606@{#1204}) on port 16676
Only local connections are allowed.
Please see https://chromedriver.chromium.org/security-considerations for suggestions on keeping ChromeDriver safe.
ChromeDriver was started successfully.
Oct 22, 2021 9:49:54 PM org.openqa.selenium.remote.ProtocolHandshake createSession
INFO: Detected dialect: W3C
]]></system-err>
  </testcase>
  <testcase name="Check Need Help button opens up Need Help page" classname="Test Need Help Functionalities" time="18.855">
    <system-out><![CDATA[
Scenario: Check Need Help button opens up Need Help page &amp#27;[90m# src/test/resources/Features/Need_Help.feature:3&amp#27;[0m
21:50:11.930 [main] INFO  step_definitions.Hooks - Launch Chrome Browser
21:50:17.392 [main] INFO  step_definitions.Need_Help - User is on the Home Page
  &amp#27;[32mGiven &amp#27;[0m&amp#27;[32ma user on the Home page for Need Help Features&amp#27;[0m   &amp#27;[90m# step_definitions.Need_Help.NavigateToHomePageForNeedHelpFeatures()&amp#27;[0m
21:50:28.188 [main] INFO  step_definitions.Need_Help - User Click on Need Help
  &amp#27;[32mWhen &amp#27;[0m&amp#27;[32muser click on Need Help button&amp#27;[0m                    &amp#27;[90m# step_definitions.Need_Help.ClickOnNeedHelpButton()&amp#27;[0m
21:50:28.229 [main] INFO  step_definitions.Need_Help - user Successfully Navigated to Need Help page
  &amp#27;[32mThen &amp#27;[0m&amp#27;[32muser is navigated to the Need Help page&amp#27;[0m           &amp#27;[90m# step_definitions.Need_Help.NavigatedToTheNeedHelpPage()&amp#27;[0m
21:50:29.342 [main] INFO  step_definitions.Hooks - Close Chrome Browser
]]></system-out>
    <system-err><![CDATA[Starting ChromeDriver 94.0.4606.61 (418b78f5838ed0b1c69bb4e51ea0252171854915-refs/branch-heads/4606@{#1204}) on port 25591
Only local connections are allowed.
Please see https://chromedriver.chromium.org/security-considerations for suggestions on keeping ChromeDriver safe.
ChromeDriver was started successfully.
Oct 22, 2021 9:50:11 PM org.openqa.selenium.remote.ProtocolHandshake createSession
INFO: Detected dialect: W3C
]]></system-err>
  </testcase>
  <testcase name="Check Savings button opens up Savings page" classname="Test Savings Functionalities" time="18.44">
    <system-out><![CDATA[
Scenario: Check Savings button opens up Savings page &amp#27;[90m# src/test/resources/Features/Savings.feature:3&amp#27;[0m
21:50:30.734 [main] INFO  step_definitions.Hooks - Launch Chrome Browser
21:50:36.807 [main] INFO  step_definitions.Savings - User is on the Home Page
  &amp#27;[32mGiven &amp#27;[0m&amp#27;[32ma user on the Home page for Savings&amp#27;[0m          &amp#27;[90m# step_definitions.Savings.NavigateToHomePageForSavings()&amp#27;[0m
21:50:46.457 [main] INFO  step_definitions.Savings - User Click on Savings
  &amp#27;[32mWhen &amp#27;[0m&amp#27;[32mclick on Savings button&amp#27;[0m                       &amp#27;[90m# step_definitions.Savings.ClickOnSavingsButton()&amp#27;[0m
21:50:46.686 [main] INFO  step_definitions.Savings - user Successfully Navigated to Savings page
  &amp#27;[32mThen &amp#27;[0m&amp#27;[32muser is navigated to the Savings page&amp#27;[0m         &amp#27;[90m# step_definitions.Savings.NavigatedToTheSavingsPage()&amp#27;[0m
21:50:47.783 [main] INFO  step_definitions.Hooks - Close Chrome Browser
]]></system-out>
    <system-err><![CDATA[Starting ChromeDriver 94.0.4606.61 (418b78f5838ed0b1c69bb4e51ea0252171854915-refs/branch-heads/4606@{#1204}) on port 36614
Only local connections are allowed.
Please see https://chromedriver.chromium.org/security-considerations for suggestions on keeping ChromeDriver safe.
ChromeDriver was started successfully.
Oct 22, 2021 9:50:30 PM org.openqa.selenium.remote.ProtocolHandshake createSession
INFO: Detected dialect: W3C
]]></system-err>
  </testcase>
  <testcase name="Check Search Box button opens up Search Box page" classname="Test Search Box Functionalities" time="26.426">
    <system-out><![CDATA[
Scenario: Check Search Box button opens up Search Box page &amp#27;[90m# src/test/resources/Features/Search_box.feature:3&amp#27;[0m
21:50:50.171 [main] INFO  step_definitions.Hooks - Launch Chrome Browser
21:50:55.900 [main] INFO  step_definitions.Search_box - User is on the Home Page
  &amp#27;[32mGiven &amp#27;[0m&amp#27;[32ma user on the Home page&amp#27;[0m                            &amp#27;[90m# step_definitions.Search_box.NavigatedToHomePage()&amp#27;[0m
  &amp#27;[32mWhen &amp#27;[0m&amp#27;[32muser write product name at the search box&amp#27;[0m           &amp#27;[90m# step_definitions.Search_box.WriteProductCodeAtTheSearchBox()&amp#27;[0m
  &amp#27;[32mAnd &amp#27;[0m&amp#27;[32muser click on search button&amp#27;[0m                          &amp#27;[90m# step_definitions.Search_box.ClickOnSearchBtn()&amp#27;[0m
21:51:13.233 [main] INFO  step_definitions.Search_box - User successfully see product on the search result
  &amp#27;[32mThen &amp#27;[0m&amp#27;[32muser is navigated to the search result page&amp#27;[0m         &amp#27;[90m# step_definitions.Search_box.NavigatedToTheSearchResultPage()&amp#27;[0m
21:51:14.209 [main] INFO  step_definitions.Hooks - Close Chrome Browser
]]></system-out>
    <system-err><![CDATA[Starting ChromeDriver 94.0.4606.61 (418b78f5838ed0b1c69bb4e51ea0252171854915-refs/branch-heads/4606@{#1204}) on port 26397
Only local connections are allowed.
Please see https://chromedriver.chromium.org/security-considerations for suggestions on keeping ChromeDriver safe.
ChromeDriver was started successfully.
Oct 22, 2021 9:50:50 PM org.openqa.selenium.remote.ProtocolHandshake createSession
INFO: Detected dialect: W3C
]]></system-err>
  </testcase>
  <testcase name="Check Cart Button opens up Shopping Cart page" classname="Test Shopping Functionalities" time="16.841">
    <system-out><![CDATA[
Scenario: Check Cart Button opens up Shopping Cart page &amp#27;[90m# src/test/resources/Features/Shopping_Cart.feature:3&amp#27;[0m
21:51:16.133 [main] INFO  step_definitions.Hooks - Launch Chrome Browser
21:51:22.387 [main] INFO  step_definitions.Savings - User is on the Home Page
  &amp#27;[32mGiven &amp#27;[0m&amp#27;[32ma user on the Home page for Shopping Cart&amp#27;[0m       &amp#27;[90m# step_definitions.Shopping_Cart.NavigateToHomePageForShoppingCart()&amp#27;[0m
21:51:30.152 [main] INFO  step_definitions.Savings - User Click on Cart Button
  &amp#27;[32mWhen &amp#27;[0m&amp#27;[32muser click on Cart button&amp#27;[0m                        &amp#27;[90m# step_definitions.Shopping_Cart.ClickOnCartButton()&amp#27;[0m
21:51:30.165 [main] INFO  step_definitions.Savings - user Successfully Navigated to Cart page
  &amp#27;[32mThen &amp#27;[0m&amp#27;[32muser is Navigated to the Cart page&amp#27;[0m               &amp#27;[90m# step_definitions.Shopping_Cart.user_is_navigated_to_the_cart_page()&amp#27;[0m
21:51:31.051 [main] INFO  step_definitions.Hooks - Close Chrome Browser
]]></system-out>
    <system-err><![CDATA[Starting ChromeDriver 94.0.4606.61 (418b78f5838ed0b1c69bb4e51ea0252171854915-refs/branch-heads/4606@{#1204}) on port 13760
Only local connections are allowed.
Please see https://chromedriver.chromium.org/security-considerations for suggestions on keeping ChromeDriver safe.
ChromeDriver was started successfully.
Oct 22, 2021 9:51:16 PM org.openqa.selenium.remote.ProtocolHandshake createSession
INFO: Detected dialect: W3C
]]></system-err>
  </testcase>
  <testcase name="Check Weekly Add button opens up Weekly Ad page" classname="Test Weekly Ad Functionalities" time="15.005">
    <system-out><![CDATA[
Scenario: Check Weekly Add button opens up Weekly Ad page &amp#27;[90m# src/test/resources/Features/Weekly_Ad.feature:3&amp#27;[0m
21:51:32.385 [main] INFO  step_definitions.Hooks - Launch Chrome Browser
21:51:37.149 [main] INFO  step_definitions.Weekly_Ad - User is on the Home Page
  &amp#27;[32mGiven &amp#27;[0m&amp#27;[32ma user on the Home page for Weekly Ad Page&amp#27;[0m        &amp#27;[90m# step_definitions.Weekly_Ad.NavigateToHomePageForWeeklyAd()&amp#27;[0m
21:51:45.006 [main] INFO  step_definitions.Weekly_Ad - User Click on Weekly Ad
  &amp#27;[32mWhen &amp#27;[0m&amp#27;[32muser click on Weekly Ad&amp#27;[0m                            &amp#27;[90m# step_definitions.Weekly_Ad.ClickOnWeeklyAd()&amp#27;[0m
21:51:45.182 [main] INFO  step_definitions.Weekly_Ad - user Successfully Navigated to Weekly Ad page
  &amp#27;[32mThen &amp#27;[0m&amp#27;[32muser is navigated to the Weekly Ad&amp#27;[0m                 &amp#27;[90m# step_definitions.Weekly_Ad.NavigatedToTheWeeklyAdPage()&amp#27;[0m
21:51:46.057 [main] INFO  step_definitions.Hooks - Close Chrome Browser
]]></system-out>
    <system-err><![CDATA[Starting ChromeDriver 94.0.4606.61 (418b78f5838ed0b1c69bb4e51ea0252171854915-refs/branch-heads/4606@{#1204}) on port 38697
Only local connections are allowed.
Please see https://chromedriver.chromium.org/security-considerations for suggestions on keeping ChromeDriver safe.
ChromeDriver was started successfully.
Oct 22, 2021 9:51:32 PM org.openqa.selenium.remote.ProtocolHandshake createSession
INFO: Detected dialect: W3C
]]></system-err>
  </testcase>
</testsuite>